build/app/intermediates/manifest_merge_blame_file/debug/manifest-merger-blame-debug-report.txt
1<?xml version="1.0" encoding="utf-8"?>
2<manifest xmlns:android="http://schemas.android.com/apk/res/android"
3    package="com.ldcapps.svr"
4    android:versionCode="505"
5    android:versionName="5.0.5" >
6
7    <uses-sdk
8        android:minSdkVersion="19"
8-->src/main/AndroidManifest.xml
9        android:targetSdkVersion="33" />
9-->src/main/AndroidManifest.xml
10
11    <uses-permission android:name="android.permission.INTERNET" />
11-->src/main/AndroidManifest.xml:2:5-67
11-->src/main/AndroidManifest.xml:2:22-64
12    <uses-permission android:name="android.permission.ACCESS_NETWORK_STATE" />
12-->src/main/AndroidManifest.xml:3:5-79
12-->src/main/AndroidManifest.xml:3:22-76
13    <uses-permission android:name="android.permission.ACCESS_WIFI_STATE" />
13-->src/main/AndroidManifest.xml:4:5-76
13-->src/main/AndroidManifest.xml:4:22-73
14    <uses-permission android:name="com.google.android.gms.permission.AD_ID" />
14-->src/main/AndroidManifest.xml:5:5-78
14-->src/main/AndroidManifest.xml:5:22-76
15    <uses-permission android:name="android.permission.ACCESS_FINE_LOCATION" />
15-->src/main/AndroidManifest.xml:6:5-79
15-->src/main/AndroidManifest.xml:6:22-76
16    <uses-permission android:name="android.permission.ACCESS_COARSE_LOCATION" />
16-->src/main/AndroidManifest.xml:7:5-81
16-->src/main/AndroidManifest.xml:7:22-78
17    <uses-permission android:name="android.permission.WAKE_LOCK" /> <!-- Permissions options for the `notification` group -->
17-->[:firebase_analytics] AndroidManifest.xml:11:5-68
17-->[:firebase_analytics] AndroidManifest.xml:11:22-65
18    <uses-permission android:name="android.permission.POST_NOTIFICATIONS" />
18-->[:firebase_messaging] AndroidManifest.xml:13:5-77
18-->[:firebase_messaging] AndroidManifest.xml:13:22-74
19    <uses-permission android:name="android.permission.RECEIVE_BOOT_COMPLETED" />
19-->[:flutter_local_notifications] AndroidManifest.xml:9:5-81
19-->[:flutter_local_notifications] AndroidManifest.xml:9:22-78
20    <uses-permission android:name="android.permission.VIBRATE" />
20-->[:flutter_local_notifications] AndroidManifest.xml:10:5-66
20-->[:flutter_local_notifications] AndroidManifest.xml:10:22-63
21    <uses-permission android:name="android.permission.USE_FULL_SCREEN_INTENT" />
21-->[:flutter_local_notifications] AndroidManifest.xml:11:5-81
21-->[:flutter_local_notifications] AndroidManifest.xml:11:22-78
22    <uses-permission android:name="android.permission.SCHEDULE_EXACT_ALARM" />
22-->[:flutter_local_notifications] AndroidManifest.xml:12:5-79
22-->[:flutter_local_notifications] AndroidManifest.xml:12:22-76
23
24    <queries>
24-->[:flutter_inappwebview] AndroidManifest.xml:9:5-13:15
25        <intent>
25-->[:flutter_inappwebview] AndroidManifest.xml:10:9-12:18
26            <action android:name="android.support.customtabs.action.CustomTabsService" />
26-->[:flutter_inappwebview] AndroidManifest.xml:11:13-90
26-->[:flutter_inappwebview] AndroidManifest.xml:11:21-87
27        </intent>
28
29        <package android:name="com.facebook.katana" />
29-->[com.facebook.android:facebook-common:15.2.0] AndroidManifest.xml:18:9-55
29-->[com.facebook.android:facebook-common:15.2.0] AndroidManifest.xml:18:18-52
30
31        <intent>
31-->[com.applovin:applovin-sdk:11.11.3] AndroidManifest.xml:10:9-12:18
32            <action android:name="com.applovin.am.intent.action.APPHUB_SERVICE" />
32-->[com.applovin:applovin-sdk:11.11.3] AndroidManifest.xml:11:13-83
32-->[com.applovin:applovin-sdk:11.11.3] AndroidManifest.xml:11:21-80
33        </intent> <!-- For browser content -->
34        <intent>
34-->[com.google.android.gms:play-services-ads-lite:22.3.0] AndroidManifest.xml:35:9-41:18
35            <action android:name="android.intent.action.VIEW" />
35-->[com.facebook.android:facebook-common:15.2.0] AndroidManifest.xml:32:17-69
35-->[com.facebook.android:facebook-common:15.2.0] AndroidManifest.xml:32:25-66
36
37            <category android:name="android.intent.category.BROWSABLE" />
37-->[com.facebook.android:facebook-common:15.2.0] AndroidManifest.xml:35:17-78
37-->[com.facebook.android:facebook-common:15.2.0] AndroidManifest.xml:35:27-75
38
39            <data android:scheme="https" />
39-->[com.facebook.android:facebook-common:15.2.0] AndroidManifest.xml:37:17-39:50
39-->[com.facebook.android:facebook-common:15.2.0] AndroidManifest.xml:39:21-47
40        </intent>
41    </queries> <!-- Required by older versions of Google Play services to create IID tokens -->
42    <uses-permission android:name="com.google.android.c2dm.permission.RECEIVE" />
42-->[com.google.firebase:firebase-messaging:23.2.1] AndroidManifest.xml:26:5-82
42-->[com.google.firebase:firebase-messaging:23.2.1] AndroidManifest.xml:26:22-79
43    <uses-permission android:name="com.google.android.finsky.permission.BIND_GET_INSTALL_REFERRER_SERVICE" />
43-->[com.google.android.gms:play-services-measurement:21.3.0] AndroidManifest.xml:26:5-110
43-->[com.google.android.gms:play-services-measurement:21.3.0] AndroidManifest.xml:26:22-107
44    <uses-permission android:name="com.applovin.array.apphub.permission.BIND_APPHUB_SERVICE" />
44-->[com.applovin:applovin-sdk:11.11.3] AndroidManifest.xml:18:5-96
44-->[com.applovin:applovin-sdk:11.11.3] AndroidManifest.xml:18:22-93
45    <uses-permission android:name="android.permission.FOREGROUND_SERVICE" />
45-->[androidx.work:work-runtime:2.7.0] AndroidManifest.xml:28:5-77
45-->[androidx.work:work-runtime:2.7.0] AndroidManifest.xml:28:22-74
46
47    <permission
47-->[androidx.core:core:1.10.1] AndroidManifest.xml:22:5-24:47
48        android:name="com.ldcapps.svr.DYNAMIC_RECEIVER_NOT_EXPORTED_PERMISSION"
48-->[androidx.core:core:1.10.1] AndroidManifest.xml:23:9-81
49        android:protectionLevel="signature" />
49-->[androidx.core:core:1.10.1] AndroidManifest.xml:24:9-44
50
51    <uses-permission android:name="com.ldcapps.svr.DYNAMIC_RECEIVER_NOT_EXPORTED_PERMISSION" />
51-->[androidx.core:core:1.10.1] AndroidManifest.xml:26:5-97
51-->[androidx.core:core:1.10.1] AndroidManifest.xml:26:22-94
52
53    <application
54        android:name="android.app.Application"
54-->src/main/AndroidManifest.xml:10:9-42
55        android:appComponentFactory="androidx.core.app.CoreComponentFactory"
55-->[androidx.core:core:1.10.1] AndroidManifest.xml:28:18-86
56        android:debuggable="true"
57        android:hardwareAccelerated="true"
57-->[com.vungle:publisher-sdk-android:6.12.1] AndroidManifest.xml:16:18-52
58        android:icon="@mipmap/ic_launcher"
58-->src/main/AndroidManifest.xml:11:9-43
59        android:label="SVR - Valores a Receber"
59-->src/main/AndroidManifest.xml:9:9-48
60        android:supportsRtl="true" >
60-->[com.facebook.android:facebook-android-sdk:15.2.0] AndroidManifest.xml:16:18-44
61        <meta-data
61-->src/main/AndroidManifest.xml:12:9-107
62            android:name="com.facebook.sdk.ApplicationId"
62-->src/main/AndroidManifest.xml:12:20-65
63            android:value="@string/facebook_app_id" />
63-->src/main/AndroidManifest.xml:12:66-105
64        <meta-data
64-->src/main/AndroidManifest.xml:13:9-111
65            android:name="com.facebook.sdk.ClientToken"
65-->src/main/AndroidManifest.xml:13:20-63
66            android:value="@string/facebook_client_token" />
66-->src/main/AndroidManifest.xml:13:64-109
67        <meta-data
67-->src/main/AndroidManifest.xml:14:9-16:53
68            android:name="com.google.firebase.messaging.default_notification_channel_id"
68-->src/main/AndroidManifest.xml:15:11-87
69            android:value="high_importance_channel" />
69-->src/main/AndroidManifest.xml:16:11-50
70        <meta-data
70-->src/main/AndroidManifest.xml:17:9-20:11
71            android:name="com.google.firebase.messaging.default_notification_icon"
71-->src/main/AndroidManifest.xml:18:11-81
72            android:resource="@drawable/ic_notification" />
72-->src/main/AndroidManifest.xml:19:11-55
73        <meta-data
73-->src/main/AndroidManifest.xml:21:9-23:69
74            android:name="com.google.android.gms.ads.APPLICATION_ID"
74-->src/main/AndroidManifest.xml:22:13-69
75            android:value="ca-app-pub-8419654969814276~6369933191" />
75-->src/main/AndroidManifest.xml:23:13-67
76
77        <activity
77-->src/main/AndroidManifest.xml:24:9-40:20
78            android:name="com.ldcapps.svr.MainActivity"
78-->src/main/AndroidManifest.xml:25:13-41
79            android:configChanges="orientation|keyboardHidden|keyboard|screenSize|smallestScreenSize|locale|layoutDirection|fontScale|screenLayout|density|uiMode"
79-->src/main/AndroidManifest.xml:29:13-163
80            android:exported="true"
80-->src/main/AndroidManifest.xml:26:13-36
81            android:hardwareAccelerated="true"
81-->src/main/AndroidManifest.xml:30:13-47
82            android:launchMode="singleTop"
82-->src/main/AndroidManifest.xml:27:13-43
83            android:theme="@style/LaunchTheme"
83-->src/main/AndroidManifest.xml:28:13-47
84            android:windowSoftInputMode="adjustResize" >
84-->src/main/AndroidManifest.xml:31:13-55
85            <meta-data
85-->src/main/AndroidManifest.xml:32:13-35:17
86                android:name="io.flutter.embedding.android.NormalTheme"
86-->src/main/AndroidManifest.xml:33:15-70
87                android:resource="@style/NormalTheme" />
87-->src/main/AndroidManifest.xml:34:15-52
88
89            <intent-filter>
89-->src/main/AndroidManifest.xml:36:13-39:29
90                <action android:name="android.intent.action.MAIN" />
90-->src/main/AndroidManifest.xml:37:17-68
90-->src/main/AndroidManifest.xml:37:25-66
91
92                <category android:name="android.intent.category.LAUNCHER" />
92-->src/main/AndroidManifest.xml:38:17-76
92-->src/main/AndroidManifest.xml:38:27-74
93            </intent-filter>
94        </activity>
95
96        <meta-data
96-->src/main/AndroidManifest.xml:41:9-43:33
97            android:name="flutterEmbedding"
97-->src/main/AndroidManifest.xml:42:13-44
98            android:value="2" />
98-->src/main/AndroidManifest.xml:43:13-30
99
100        <service
100-->[:firebase_crashlytics] AndroidManifest.xml:10:9-14:19
101            android:name="com.google.firebase.components.ComponentDiscoveryService"
101-->[:firebase_crashlytics] AndroidManifest.xml:10:18-89
102            android:directBootAware="true"
102-->[com.google.firebase:firebase-common:20.3.3] AndroidManifest.xml:34:13-43
103            android:exported="false" >
103-->[com.google.firebase:firebase-crashlytics:18.4.1] AndroidManifest.xml:14:13-37
104            <meta-data
104-->[:firebase_crashlytics] AndroidManifest.xml:11:13-13:85
105                android:name="com.google.firebase.components:io.flutter.plugins.firebase.crashlytics.FlutterFirebaseAppRegistrar"
105-->[:firebase_crashlytics] AndroidManifest.xml:12:17-130
106                android:value="com.google.firebase.components.ComponentRegistrar" />
106-->[:firebase_crashlytics] AndroidManifest.xml:13:17-82
107            <meta-data
107-->[:firebase_analytics] AndroidManifest.xml:15:13-17:85
108                android:name="com.google.firebase.components:io.flutter.plugins.firebase.analytics.FlutterFirebaseAppRegistrar"
108-->[:firebase_analytics] AndroidManifest.xml:16:17-128
109                android:value="com.google.firebase.components.ComponentRegistrar" />
109-->[:firebase_analytics] AndroidManifest.xml:17:17-82
110            <meta-data
110-->[:firebase_remote_config] AndroidManifest.xml:11:13-13:85
111                android:name="com.google.firebase.components:io.flutter.plugins.firebase.firebaseremoteconfig.FlutterFirebaseAppRegistrar"
111-->[:firebase_remote_config] AndroidManifest.xml:12:17-139
112                android:value="com.google.firebase.components.ComponentRegistrar" />
112-->[:firebase_remote_config] AndroidManifest.xml:13:17-82
113            <meta-data
113-->[:firebase_messaging] AndroidManifest.xml:38:13-40:85
114                android:name="com.google.firebase.components:io.flutter.plugins.firebase.messaging.FlutterFirebaseAppRegistrar"
114-->[:firebase_messaging] AndroidManifest.xml:39:17-128
115                android:value="com.google.firebase.components.ComponentRegistrar" />
115-->[:firebase_messaging] AndroidManifest.xml:40:17-82
116            <meta-data
116-->[:firebase_core] AndroidManifest.xml:11:13-13:85
117                android:name="com.google.firebase.components:io.flutter.plugins.firebase.core.FlutterFirebaseCoreRegistrar"
117-->[:firebase_core] AndroidManifest.xml:12:17-124
118                android:value="com.google.firebase.components.ComponentRegistrar" />
118-->[:firebase_core] AndroidManifest.xml:13:17-82
119            <meta-data
119-->[com.google.firebase:firebase-crashlytics:18.4.1] AndroidManifest.xml:15:13-17:85
120                android:name="com.google.firebase.components:com.google.firebase.crashlytics.CrashlyticsRegistrar"
120-->[com.google.firebase:firebase-crashlytics:18.4.1] AndroidManifest.xml:16:17-115
121                android:value="com.google.firebase.components.ComponentRegistrar" />
121-->[com.google.firebase:firebase-crashlytics:18.4.1] AndroidManifest.xml:17:17-82
122            <meta-data
122-->[com.google.firebase:firebase-sessions:1.0.2] AndroidManifest.xml:25:13-27:85
123                android:name="com.google.firebase.components:com.google.firebase.sessions.FirebaseSessionsRegistrar"
123-->[com.google.firebase:firebase-sessions:1.0.2] AndroidManifest.xml:26:17-117
124                android:value="com.google.firebase.components.ComponentRegistrar" />
124-->[com.google.firebase:firebase-sessions:1.0.2] AndroidManifest.xml:27:17-82
125            <meta-data
125-->[com.google.firebase:firebase-messaging:23.2.1] AndroidManifest.xml:53:13-55:85
126                android:name="com.google.firebase.components:com.google.firebase.messaging.FirebaseMessagingRegistrar"
126-->[com.google.firebase:firebase-messaging:23.2.1] AndroidManifest.xml:54:17-119
127                android:value="com.google.firebase.components.ComponentRegistrar" />
127-->[com.google.firebase:firebase-messaging:23.2.1] AndroidManifest.xml:55:17-82
128            <meta-data
128-->[com.google.firebase:firebase-datatransport:18.1.8] AndroidManifest.xml:27:13-29:85
129                android:name="com.google.firebase.components:com.google.firebase.datatransport.TransportRegistrar"
129-->[com.google.firebase:firebase-datatransport:18.1.8] AndroidManifest.xml:28:17-115
130                android:value="com.google.firebase.components.ComponentRegistrar" />
130-->[com.google.firebase:firebase-datatransport:18.1.8] AndroidManifest.xml:29:17-82
131            <meta-data
131-->[com.google.firebase:firebase-common-ktx:20.3.3] AndroidManifest.xml:14:13-16:85
132                android:name="com.google.firebase.components:com.google.firebase.ktx.FirebaseCommonKtxRegistrar"
132-->[com.google.firebase:firebase-common-ktx:20.3.3] AndroidManifest.xml:15:17-113
133                android:value="com.google.firebase.components.ComponentRegistrar" />
133-->[com.google.firebase:firebase-common-ktx:20.3.3] AndroidManifest.xml:16:17-82
134            <meta-data
134-->[com.google.firebase:firebase-iid:21.1.0] AndroidManifest.xml:32:13-34:85
135                android:name="com.google.firebase.components:com.google.firebase.iid.Registrar"
135-->[com.google.firebase:firebase-iid:21.1.0] AndroidManifest.xml:33:17-96
136                android:value="com.google.firebase.components.ComponentRegistrar" />
136-->[com.google.firebase:firebase-iid:21.1.0] AndroidManifest.xml:34:17-82
137            <meta-data
137-->[com.google.android.gms:play-services-measurement-api:21.3.0] AndroidManifest.xml:31:13-33:85
138                android:name="com.google.firebase.components:com.google.firebase.analytics.connector.internal.AnalyticsConnectorRegistrar"
138-->[com.google.android.gms:play-services-measurement-api:21.3.0] AndroidManifest.xml:32:17-139
139                android:value="com.google.firebase.components.ComponentRegistrar" />
139-->[com.google.android.gms:play-services-measurement-api:21.3.0] AndroidManifest.xml:33:17-82
140            <meta-data
140-->[com.google.firebase:firebase-config:21.4.1] AndroidManifest.xml:31:13-33:85
141                android:name="com.google.firebase.components:com.google.firebase.remoteconfig.RemoteConfigRegistrar"
141-->[com.google.firebase:firebase-config:21.4.1] AndroidManifest.xml:32:17-117
142                android:value="com.google.firebase.components.ComponentRegistrar" />
142-->[com.google.firebase:firebase-config:21.4.1] AndroidManifest.xml:33:17-82
143            <meta-data
143-->[com.google.firebase:firebase-installations:17.1.4] AndroidManifest.xml:15:13-17:85
144                android:name="com.google.firebase.components:com.google.firebase.installations.FirebaseInstallationsRegistrar"
144-->[com.google.firebase:firebase-installations:17.1.4] AndroidManifest.xml:16:17-127
145                android:value="com.google.firebase.components.ComponentRegistrar" />
145-->[com.google.firebase:firebase-installations:17.1.4] AndroidManifest.xml:17:17-82
146            <meta-data
146-->[com.google.firebase:firebase-abt:21.1.1] AndroidManifest.xml:12:13-14:85
147                android:name="com.google.firebase.components:com.google.firebase.abt.component.AbtRegistrar"
147-->[com.google.firebase:firebase-abt:21.1.1] AndroidManifest.xml:13:17-109
148                android:value="com.google.firebase.components.ComponentRegistrar" />
148-->[com.google.firebase:firebase-abt:21.1.1] AndroidManifest.xml:14:17-82
149        </service>
150        <service
150-->[:firebase_messaging] AndroidManifest.xml:16:9-19:72
151            android:name="io.flutter.plugins.firebase.messaging.FlutterFirebaseMessagingBackgroundService"
151-->[:firebase_messaging] AndroidManifest.xml:17:13-107
152            android:exported="false"
152-->[:firebase_messaging] AndroidManifest.xml:18:13-37
153            android:permission="android.permission.BIND_JOB_SERVICE" />
153-->[:firebase_messaging] AndroidManifest.xml:19:13-69
154        <service
154-->[:firebase_messaging] AndroidManifest.xml:20:9-26:19
155            android:name="io.flutter.plugins.firebase.messaging.FlutterFirebaseMessagingService"
155-->[:firebase_messaging] AndroidManifest.xml:21:13-97
156            android:exported="false" >
156-->[:firebase_messaging] AndroidManifest.xml:22:13-37
157            <intent-filter>
157-->[:firebase_messaging] AndroidManifest.xml:23:13-25:29
158                <action android:name="com.google.firebase.MESSAGING_EVENT" />
158-->[:firebase_messaging] AndroidManifest.xml:24:17-78
158-->[:firebase_messaging] AndroidManifest.xml:24:25-75
159            </intent-filter>
160        </service>
161
162        <receiver
162-->[:firebase_messaging] AndroidManifest.xml:28:9-35:20
163            android:name="io.flutter.plugins.firebase.messaging.FlutterFirebaseMessagingReceiver"
163-->[:firebase_messaging] AndroidManifest.xml:29:13-98
164            android:exported="true"
164-->[:firebase_messaging] AndroidManifest.xml:30:13-36
165            android:permission="com.google.android.c2dm.permission.SEND" >
165-->[:firebase_messaging] AndroidManifest.xml:31:13-73
166            <intent-filter>
166-->[:firebase_messaging] AndroidManifest.xml:32:13-34:29
167                <action android:name="com.google.android.c2dm.intent.RECEIVE" />
167-->[:firebase_messaging] AndroidManifest.xml:33:17-81
167-->[:firebase_messaging] AndroidManifest.xml:33:25-78
168            </intent-filter>
169        </receiver>
170
171        <provider
171-->[:firebase_messaging] AndroidManifest.xml:43:9-47:38
172            android:name="io.flutter.plugins.firebase.messaging.FlutterFirebaseMessagingInitProvider"
172-->[:firebase_messaging] AndroidManifest.xml:44:13-102
173            android:authorities="com.ldcapps.svr.flutterfirebasemessaginginitprovider"
173-->[:firebase_messaging] AndroidManifest.xml:45:13-88
174            android:exported="false"
174-->[:firebase_messaging] AndroidManifest.xml:46:13-37
175            android:initOrder="99" />
175-->[:firebase_messaging] AndroidManifest.xml:47:13-35
176
177        <receiver
177-->[:flutter_local_notifications] AndroidManifest.xml:16:9-18:40
178            android:name="com.dexterous.flutterlocalnotifications.ScheduledNotificationReceiver"
178-->[:flutter_local_notifications] AndroidManifest.xml:17:13-97
179            android:exported="false" />
179-->[:flutter_local_notifications] AndroidManifest.xml:18:13-37
180        <receiver
180-->[:flutter_local_notifications] AndroidManifest.xml:19:9-28:20
181            android:name="com.dexterous.flutterlocalnotifications.ScheduledNotificationBootReceiver"
181-->[:flutter_local_notifications] AndroidManifest.xml:20:13-101
182            android:exported="false" >
182-->[:flutter_local_notifications] AndroidManifest.xml:21:13-37
183            <intent-filter>
183-->[:flutter_local_notifications] AndroidManifest.xml:22:13-27:29
184                <action android:name="android.intent.action.BOOT_COMPLETED" />
184-->[:flutter_local_notifications] AndroidManifest.xml:23:17-79
184-->[:flutter_local_notifications] AndroidManifest.xml:23:25-76
185                <action android:name="android.intent.action.MY_PACKAGE_REPLACED" />
185-->[:flutter_local_notifications] AndroidManifest.xml:24:17-84
185-->[:flutter_local_notifications] AndroidManifest.xml:24:25-81
186                <action android:name="android.intent.action.QUICKBOOT_POWERON" />
186-->[:flutter_local_notifications] AndroidManifest.xml:25:17-82
186-->[:flutter_local_notifications] AndroidManifest.xml:25:25-79
187                <action android:name="com.htc.intent.action.QUICKBOOT_POWERON" />
187-->[:flutter_local_notifications] AndroidManifest.xml:26:17-82
187-->[:flutter_local_notifications] AndroidManifest.xml:26:25-79
188            </intent-filter>
189        </receiver>
190
191        <activity
191-->[:url_launcher_android] AndroidManifest.xml:10:9-13:74
192            android:name="io.flutter.plugins.urllauncher.WebViewActivity"
192-->[:url_launcher_android] AndroidManifest.xml:11:13-74
193            android:exported="false"
193-->[:url_launcher_android] AndroidManifest.xml:12:13-37
194            android:theme="@android:style/Theme.NoTitleBar.Fullscreen" />
194-->[:url_launcher_android] AndroidManifest.xml:13:13-71
195
196        <meta-data
196-->[:facebook_app_events] AndroidManifest.xml:12:9-14:36
197            android:name="com.facebook.sdk.CodelessDebugLogEnabled"
197-->[:facebook_app_events] AndroidManifest.xml:13:13-68
198            android:value="true" />
198-->[:facebook_app_events] AndroidManifest.xml:14:13-33
199        <meta-data
199-->[:google_mobile_ads] AndroidManifest.xml:12:9-14:36
200            android:name="io.flutter.embedded_views_preview"
200-->[:google_mobile_ads] AndroidManifest.xml:13:13-61
201            android:value="true" />
201-->[:google_mobile_ads] AndroidManifest.xml:14:13-33
202
203        <activity
203-->[:flutter_inappwebview] AndroidManifest.xml:16:9-20:47
204            android:name="com.pichillilorenzo.flutter_inappwebview.in_app_browser.InAppBrowserActivity"
204-->[:flutter_inappwebview] AndroidManifest.xml:17:13-104
205            android:configChanges="orientation|keyboardHidden|keyboard|screenSize|locale|layoutDirection|fontScale|screenLayout|density"
205-->[:flutter_inappwebview] AndroidManifest.xml:18:13-137
206            android:exported="false"
206-->[:flutter_inappwebview] AndroidManifest.xml:19:13-37
207            android:theme="@style/AppTheme" />
207-->[:flutter_inappwebview] AndroidManifest.xml:20:13-44
208        <activity
208-->[:flutter_inappwebview] AndroidManifest.xml:21:9-24:55
209            android:name="com.pichillilorenzo.flutter_inappwebview.chrome_custom_tabs.ChromeCustomTabsActivity"
209-->[:flutter_inappwebview] AndroidManifest.xml:22:13-112
210            android:exported="false"
210-->[:flutter_inappwebview] AndroidManifest.xml:23:13-37
211            android:theme="@style/ThemeTransparent" />
211-->[:flutter_inappwebview] AndroidManifest.xml:24:13-52
212        <activity
212-->[:flutter_inappwebview] AndroidManifest.xml:25:9-28:55
213            android:name="com.pichillilorenzo.flutter_inappwebview.chrome_custom_tabs.TrustedWebActivity"
213-->[:flutter_inappwebview] AndroidManifest.xml:26:13-106
214            android:exported="false"
214-->[:flutter_inappwebview] AndroidManifest.xml:27:13-37
215            android:theme="@style/ThemeTransparent" />
215-->[:flutter_inappwebview] AndroidManifest.xml:28:13-52
216        <activity
216-->[:flutter_inappwebview] AndroidManifest.xml:29:9-33:55
217            android:name="com.pichillilorenzo.flutter_inappwebview.chrome_custom_tabs.ChromeCustomTabsActivitySingleInstance"
217-->[:flutter_inappwebview] AndroidManifest.xml:30:13-126
218            android:exported="false"
218-->[:flutter_inappwebview] AndroidManifest.xml:31:13-37
219            android:launchMode="singleInstance"
219-->[:flutter_inappwebview] AndroidManifest.xml:32:13-48
220            android:theme="@style/ThemeTransparent" />
220-->[:flutter_inappwebview] AndroidManifest.xml:33:13-52
221        <activity
221-->[:flutter_inappwebview] AndroidManifest.xml:34:9-38:55
222            android:name="com.pichillilorenzo.flutter_inappwebview.chrome_custom_tabs.TrustedWebActivitySingleInstance"
222-->[:flutter_inappwebview] AndroidManifest.xml:35:13-120
223            android:exported="false"
223-->[:flutter_inappwebview] AndroidManifest.xml:36:13-37
224            android:launchMode="singleInstance"
224-->[:flutter_inappwebview] AndroidManifest.xml:37:13-48
225            android:theme="@style/ThemeTransparent" />
225-->[:flutter_inappwebview] AndroidManifest.xml:38:13-52
226
227        <receiver
227-->[:flutter_inappwebview] AndroidManifest.xml:40:9-43:40
228            android:name="com.pichillilorenzo.flutter_inappwebview.chrome_custom_tabs.ActionBroadcastReceiver"
228-->[:flutter_inappwebview] AndroidManifest.xml:41:13-111
229            android:enabled="true"
229-->[:flutter_inappwebview] AndroidManifest.xml:42:13-35
230            android:exported="false" />
230-->[:flutter_inappwebview] AndroidManifest.xml:43:13-37
231        <!--
232           Declares a provider which allows us to store files to share in
233           '.../caches/share_plus' and grant the receiving action access
234        -->
235        <provider
235-->[:share_plus] AndroidManifest.xml:15:9-23:20
236            android:name="dev.fluttercommunity.plus.share.ShareFileProvider"
236-->[:share_plus] AndroidManifest.xml:16:13-77
237            android:authorities="com.ldcapps.svr.flutter.share_provider"
237-->[:share_plus] AndroidManifest.xml:17:13-74
238            android:exported="false"
238-->[:share_plus] AndroidManifest.xml:18:13-37
239            android:grantUriPermissions="true" >
239-->[:share_plus] AndroidManifest.xml:19:13-47
240            <meta-data
240-->[:share_plus] AndroidManifest.xml:20:13-22:68
241                android:name="android.support.FILE_PROVIDER_PATHS"
241-->[:share_plus] AndroidManifest.xml:21:17-67
242                android:resource="@xml/flutter_share_file_paths" />
242-->[:share_plus] AndroidManifest.xml:22:17-65
243        </provider>
244        <!--
245           This manifest declared broadcast receiver allows us to use an explicit
246           Intent when creating a PendingItent to be informed of the user's choice
247        -->
248        <receiver
248-->[:share_plus] AndroidManifest.xml:28:9-34:20
249            android:name="dev.fluttercommunity.plus.share.SharePlusPendingIntent"
249-->[:share_plus] AndroidManifest.xml:29:13-82
250            android:exported="false" >
250-->[:share_plus] AndroidManifest.xml:30:13-37
251            <intent-filter>
251-->[:share_plus] AndroidManifest.xml:31:13-33:29
252                <action android:name="EXTRA_CHOSEN_COMPONENT" />
252-->[:share_plus] AndroidManifest.xml:32:17-65
252-->[:share_plus] AndroidManifest.xml:32:25-62
253            </intent-filter>
254        </receiver>
255        <receiver
255-->[com.google.firebase:firebase-messaging:23.2.1] AndroidManifest.xml:29:9-36:20
256            android:name="com.google.firebase.iid.FirebaseInstanceIdReceiver"
256-->[com.google.firebase:firebase-messaging:23.2.1] AndroidManifest.xml:30:13-78
257            android:exported="true"
257-->[com.google.firebase:firebase-messaging:23.2.1] AndroidManifest.xml:31:13-36
258            android:permission="com.google.android.c2dm.permission.SEND" >
258-->[com.google.firebase:firebase-messaging:23.2.1] AndroidManifest.xml:32:13-73
259            <intent-filter>
259-->[:firebase_messaging] AndroidManifest.xml:32:13-34:29
260                <action android:name="com.google.android.c2dm.intent.RECEIVE" />
260-->[:firebase_messaging] AndroidManifest.xml:33:17-81
260-->[:firebase_messaging] AndroidManifest.xml:33:25-78
261            </intent-filter>
262        </receiver>
263        <!--
264             FirebaseMessagingService performs security checks at runtime,
265             but set to not exported to explicitly avoid allowing another app to call it.
266        -->
267        <service
267-->[com.google.firebase:firebase-messaging:23.2.1] AndroidManifest.xml:42:9-49:19
268            android:name="com.google.firebase.messaging.FirebaseMessagingService"
268-->[com.google.firebase:firebase-messaging:23.2.1] AndroidManifest.xml:43:13-82
269            android:directBootAware="true"
269-->[com.google.firebase:firebase-messaging:23.2.1] AndroidManifest.xml:44:13-43
270            android:exported="false" >
270-->[com.google.firebase:firebase-messaging:23.2.1] AndroidManifest.xml:45:13-37
271            <intent-filter android:priority="-500" >
271-->[:firebase_messaging] AndroidManifest.xml:23:13-25:29
272                <action android:name="com.google.firebase.MESSAGING_EVENT" />
272-->[:firebase_messaging] AndroidManifest.xml:24:17-78
272-->[:firebase_messaging] AndroidManifest.xml:24:25-75
273            </intent-filter>
274        </service>
275        <service